2023-04-20T19:50:56+00:00 CRITICAL Uncaught Error: Call to a member function get_rating_count() on null in C:\MAMP\htdocs\labb2-linus\wp-content\plugins\woocommerce\templates\single-product\rating.php:28
Stack trace:
#0 C:\MAMP\htdocs\labb2-linus\wp-content\plugins\woocommerce\includes\wc-core-functions.php(345): include()
#1 C:\MAMP\htdocs\labb2-linus\wp-content\plugins\woocommerce\includes\wc-template-functions.php(1637): wc_get_template('single-product/...')
#2 C:\MAMP\htdocs\labb2-linus\wp-includes\class-wp-hook.php(308): woocommerce_template_single_rating('')
#3 C:\MAMP\htdocs\labb2-linus\wp-includes\class-wp-hook.php(332): WP_Hook->apply_filters(NULL, Array)
#4 C:\MAMP\htdocs\labb2-linus\wp-includes\plugin.php(517): WP_Hook->do_action(Array)
#5 C:\MAMP\htdocs\labb2-linus\wp-content\themes\storefront-child\woocommerce\archive-product.php(35): do_action('woocommerce_sin...')
#6 C:\MAMP\htdocs\labb2-linus\wp-includes\template-loader.php(106): include('C:\\MAMP\\htdocs\\...')
#7 C:\MAMP\htdocs\labb2-linus\wp-blog-header.php(19): require_once('C:\\MAMP\\htdocs\\...')
#8 C:\MAMP\htdocs\labb2-linus\index.php(17): require('C:\\MAMP\\htdocs\\...')
#9 {main}
  thrown i C:\MAMP\htdocs\labb2-linus\wp-content\plugins\woocommerce\templates\single-product\rating.php på rad 28

2023-04-20T19:51:07+00:00 CRITICAL Uncaught Error: Call to a member function get_rating_count() on null in C:\MAMP\htdocs\labb2-linus\wp-content\plugins\woocommerce\templates\single-product\rating.php:28
Stack trace:
#0 C:\MAMP\htdocs\labb2-linus\wp-content\plugins\woocommerce\includes\wc-core-functions.php(345): include()
#1 C:\MAMP\htdocs\labb2-linus\wp-content\plugins\woocommerce\includes\wc-template-functions.php(1637): wc_get_template('single-product/...')
#2 C:\MAMP\htdocs\labb2-linus\wp-includes\class-wp-hook.php(308): woocommerce_template_single_rating('')
#3 C:\MAMP\htdocs\labb2-linus\wp-includes\class-wp-hook.php(332): WP_Hook->apply_filters(NULL, Array)
#4 C:\MAMP\htdocs\labb2-linus\wp-includes\plugin.php(517): WP_Hook->do_action(Array)
#5 C:\MAMP\htdocs\labb2-linus\wp-content\themes\storefront-child\woocommerce\archive-product.php(35): do_action('woocommerce_sin...')
#6 C:\MAMP\htdocs\labb2-linus\wp-includes\template-loader.php(106): include('C:\\MAMP\\htdocs\\...')
#7 C:\MAMP\htdocs\labb2-linus\wp-blog-header.php(19): require_once('C:\\MAMP\\htdocs\\...')
#8 C:\MAMP\htdocs\labb2-linus\index.php(17): require('C:\\MAMP\\htdocs\\...')
#9 {main}
  thrown i C:\MAMP\htdocs\labb2-linus\wp-content\plugins\woocommerce\templates\single-product\rating.php på rad 28

2023-04-20T19:51:17+00:00 CRITICAL Uncaught Error: Call to a member function get_rating_count() on null in C:\MAMP\htdocs\labb2-linus\wp-content\plugins\woocommerce\templates\single-product\rating.php:28
Stack trace:
#0 C:\MAMP\htdocs\labb2-linus\wp-content\plugins\woocommerce\includes\wc-core-functions.php(345): include()
#1 C:\MAMP\htdocs\labb2-linus\wp-content\plugins\woocommerce\includes\wc-template-functions.php(1637): wc_get_template('single-product/...')
#2 C:\MAMP\htdocs\labb2-linus\wp-includes\class-wp-hook.php(308): woocommerce_template_single_rating('')
#3 C:\MAMP\htdocs\labb2-linus\wp-includes\class-wp-hook.php(332): WP_Hook->apply_filters(NULL, Array)
#4 C:\MAMP\htdocs\labb2-linus\wp-includes\plugin.php(517): WP_Hook->do_action(Array)
#5 C:\MAMP\htdocs\labb2-linus\wp-content\themes\storefront-child\woocommerce\archive-product.php(35): do_action('woocommerce_sin...')
#6 C:\MAMP\htdocs\labb2-linus\wp-includes\template-loader.php(106): include('C:\\MAMP\\htdocs\\...')
#7 C:\MAMP\htdocs\labb2-linus\wp-blog-header.php(19): require_once('C:\\MAMP\\htdocs\\...')
#8 C:\MAMP\htdocs\labb2-linus\index.php(17): require('C:\\MAMP\\htdocs\\...')
#9 {main}
  thrown i C:\MAMP\htdocs\labb2-linus\wp-content\plugins\woocommerce\templates\single-product\rating.php på rad 28

